-------------------------------------------------------------------------------
Test set: com.aek426rahmani.examples.AppTest
-------------------------------------------------------------------------------
Tests run: 3, Failures: 1, Errors: 0, Skipped: 0, Time elapsed: 0.029 sec <<< FAILURE!
testFactorialOfTwo(com.aek426rahmani.examples.AppTest)  Time elapsed: 0.014 sec  <<< FAILURE!
junit.framework.AssertionFailedError: expected:<2> but was:<1>
	at junit.framework.Assert.fail(Assert.java:47)
	at junit.framework.Assert.failNotEquals(Assert.java:282)
	at junit.framework.Assert.assertEquals(Assert.java:64)
	at junit.framework.Assert.assertEquals(Assert.java:201)
	at junit.framework.Assert.assertEquals(Assert.java:207)
	at com.aek426rahmani.examples.AppTest.testFactorialOfTwo(AppTest.java:70)

