-------------------------------------------------------------------------------
Test set: com.aek426rahmani.examples.AppTest
-------------------------------------------------------------------------------
Tests run: 5, Failures: 0, Errors: 1, Skipped: 0, Time elapsed: 0.089 sec <<< FAILURE!
testFactorialOfZero(com.aek426rahmani.examples.AppTest)  Time elapsed: 0.067 sec  <<< ERROR!
java.lang.StackOverflowError
	at com.aek426rahmani.examples.App.factorial(App.java:26)
	at com.aek426rahmani.examples.App.factorial(App.java:26)
	at com.aek426rahmani.examples.App.factorial(App.java:26)
	at com.aek426rahmani.examples.App.factorial(App.java:26)
	at com.aek426rahmani.examples.App.factorial(App.java:26)
	at com.aek426rahmani.examples.App.factorial(App.java:26)
	at com.aek426rahmani.examples.App.factorial(App.java:26)
	at com.aek426rahmani.examples.App.factorial(App.java:26)
	at com.aek426rahmani.examples.App.factorial(App.java:26)
	at com.aek426rahmani.examples.App.factorial(App.java:26)
	at com.aek426rahmani.examples.App.factorial(App.java:26)
	at com.aek426rahmani.examples.App.factorial(App.java:26)
	at com.aek426rahmani.examples.App.factorial(App.java:26)
	at com.aek426rahmani.examples.App.factorial(App.java:26)
	at com.aek426rahmani.examples.App.factorial(App.java:26)
	at com.aek426rahmani.examples.App.factorial(App.java:26)
	at com.aek426rahmani.examples.App.factorial(App.java:26)
	at com.aek426rahmani.examples.App.factorial(App.java:26)
	at com.aek426rahmani.examples.App.factorial(App.java:26)
	at com.aek426rahmani.examples.App.factorial(App.java:26)
	at com.aek426rahmani.examples.App.factorial(App.java:26)
	at com.aek426rahmani.examples.App.factorial(App.java:26)
	at com.aek426rahmani.examples.App.factorial(App.java:26)
	at com.aek426rahmani.examples.App.factorial(App.java:26)
	at com.aek426rahmani.examples.App.factorial(App.java:26)
	at com.aek426rahmani.examples.App.factorial(App.java:26)
	at com.aek426rahmani.examples.App.factorial(App.java:26)
	at com.aek426rahmani.examples.App.factorial(App.java:26)
	at com.aek426rahmani.examples.App.factorial(App.java:26)
	at com.aek426rahmani.examples.App.factorial(App.java:26)
	at com.aek426rahmani.examples.App.factorial(App.java:26)
	at com.aek426rahmani.examples.App.factorial(App.java:26)
	at com.aek426rahmani.examples.App.factorial(App.java:26)
	at com.aek426rahmani.examples.App.factorial(App.java:26)
	at com.aek426rahmani.examples.App.factorial(App.java:26)
	at com.aek426rahmani.examples.App.factorial(App.java:26)
	at com.aek426rahmani.examples.App.factorial(App.java:26)
	at com.aek426rahmani.examples.App.factorial(App.java:26)
	at com.aek426rahmani.examples.App.factorial(App.java:26)
	at com.aek426rahmani.examples.App.factorial(App.java:26)
	at com.aek426rahmani.examples.App.factorial(App.java:26)
	at com.aek426rahmani.examples.App.factorial(App.java:26)
	at com.aek426rahmani.examples.App.factorial(App.java:26)
	at com.aek426rahmani.examples.App.factorial(App.java:26)
	at com.aek426rahmani.examples.App.factorial(App.java:26)
	at com.aek426rahmani.examples.App.factorial(App.java:26)
	at com.aek426rahmani.examples.App.factorial(App.java:26)
	at com.aek426rahmani.examples.App.factorial(App.java:26)
	at com.aek426rahmani.examples.App.factorial(App.java:26)
	at com.aek426rahmani.examples.App.factorial(App.java:26)
	at com.aek426rahmani.examples.App.factorial(App.java:26)
	at com.aek426rahmani.examples.App.factorial(App.java:26)
	at com.aek426rahmani.examples.App.factorial(App.java:26)
	at com.aek426rahmani.examples.App.factorial(App.java:26)
	at com.aek426rahmani.examples.App.factorial(App.java:26)
	at com.aek426rahmani.examples.App.factorial(App.java:26)
	at com.aek426rahmani.examples.App.factorial(App.java:26)
	at com.aek426rahmani.examples.App.factorial(App.java:26)
	at com.aek426rahmani.examples.App.factorial(App.java:26)
	at com.aek426rahmani.examples.App.factorial(App.java:26)
	at com.aek426rahmani.examples.App.factorial(App.java:26)
	at com.aek426rahmani.examples.App.factorial(App.java:26)
	at com.aek426rahmani.examples.App.factorial(App.java:26)
	at com.aek426rahmani.examples.App.factorial(App.java:26)
	at com.aek426rahmani.examples.App.factorial(App.java:26)
	at com.aek426rahmani.examples.App.factorial(App.java:26)
	at com.aek426rahmani.examples.App.factorial(App.java:26)
	at com.aek426rahmani.examples.App.factorial(App.java:26)
	at com.aek426rahmani.examples.App.factorial(App.java:26)
	at com.aek426rahmani.examples.App.factorial(App.java:26)
	at com.aek426rahmani.examples.App.factorial(App.java:26)
	at com.aek426rahmani.examples.App.factorial(App.java:26)
	at com.aek426rahmani.examples.App.factorial(App.java:26)
	at com.aek426rahmani.examples.App.factorial(App.java:26)
	at com.aek426rahmani.examples.App.factorial(App.java:26)
	at com.aek426rahmani.examples.App.factorial(App.java:26)
	at com.aek426rahmani.examples.App.factorial(App.java:26)
	at com.aek426rahmani.examples.App.factorial(App.java:26)
	at com.aek426rahmani.examples.App.factorial(App.java:26)
	at com.aek426rahmani.examples.App.factorial(App.java:26)
	at com.aek426rahmani.examples.App.factorial(App.java:26)
	at com.aek426rahmani.examples.App.factorial(App.java:26)
	at com.aek426rahmani.examples.App.factorial(App.java:26)
	at com.aek426rahmani.examples.App.factorial(App.java:26)
	at com.aek426rahmani.examples.App.factorial(App.java:26)
	at com.aek426rahmani.examples.App.factorial(App.java:26)
	at com.aek426rahmani.examples.App.factorial(App.java:26)
	at com.aek426rahmani.examples.App.factorial(App.java:26)
	at com.aek426rahmani.examples.App.factorial(App.java:26)
	at com.aek426rahmani.examples.App.factorial(App.java:26)
	at com.aek426rahmani.examples.App.factorial(App.java:26)
	at com.aek426rahmani.examples.App.factorial(App.java:26)
	at com.aek426rahmani.examples.App.factorial(App.java:26)
	at com.aek426rahmani.examples.App.factorial(App.java:26)
	at com.aek426rahmani.examples.App.factorial(App.java:26)
	at com.aek426rahmani.examples.App.factorial(App.java:26)
	at com.aek426rahmani.examples.App.factorial(App.java:26)
	at com.aek426rahmani.examples.App.factorial(App.java:26)
	at com.aek426rahmani.examples.App.factorial(App.java:26)
	at com.aek426rahmani.examples.App.factorial(App.java:26)
	at com.aek426rahmani.examples.App.factorial(App.java:26)
	at com.aek426rahmani.examples.App.factorial(App.java:26)
	at com.aek426rahmani.examples.App.factorial(App.java:26)
	at com.aek426rahmani.examples.App.factorial(App.java:26)
	at com.aek426rahmani.examples.App.factorial(App.java:26)
	at com.aek426rahmani.examples.App.factorial(App.java:26)
	at com.aek426rahmani.examples.App.factorial(App.java:26)
	at com.aek426rahmani.examples.App.factorial(App.java:26)
	at com.aek426rahmani.examples.App.factorial(App.java:26)
	at com.aek426rahmani.examples.App.factorial(App.java:26)
	at com.aek426rahmani.examples.App.factorial(App.java:26)
	at com.aek426rahmani.examples.App.factorial(App.java:26)
	at com.aek426rahmani.examples.App.factorial(App.java:26)
	at com.aek426rahmani.examples.App.factorial(App.java:26)
	at com.aek426rahmani.examples.App.factorial(App.java:26)
	at com.aek426rahmani.examples.App.factorial(App.java:26)
	at com.aek426rahmani.examples.App.factorial(App.java:26)
	at com.aek426rahmani.examples.App.factorial(App.java:26)
	at com.aek426rahmani.examples.App.factorial(App.java:26)
	at com.aek426rahmani.examples.App.factorial(App.java:26)
	at com.aek426rahmani.examples.App.factorial(App.java:26)
	at com.aek426rahmani.examples.App.factorial(App.java:26)
	at com.aek426rahmani.examples.App.factorial(App.java:26)
	at com.aek426rahmani.examples.App.factorial(App.java:26)
	at com.aek426rahmani.examples.App.factorial(App.java:26)
	at com.aek426rahmani.examples.App.factorial(App.java:26)
	at com.aek426rahmani.examples.App.factorial(App.java:26)
	at com.aek426rahmani.examples.App.factorial(App.java:26)
	at com.aek426rahmani.examples.App.factorial(App.java:26)
	at com.aek426rahmani.examples.App.factorial(App.java:26)
	at com.aek426rahmani.examples.App.factorial(App.java:26)
	at com.aek426rahmani.examples.App.factorial(App.java:26)
	at com.aek426rahmani.examples.App.factorial(App.java:26)
	at com.aek426rahmani.examples.App.factorial(App.java:26)
	at com.aek426rahmani.examples.App.factorial(App.java:26)
	at com.aek426rahmani.examples.App.factorial(App.java:26)
	at com.aek426rahmani.examples.App.factorial(App.java:26)
	at com.aek426rahmani.examples.App.factorial(App.java:26)
	at com.aek426rahmani.examples.App.factorial(App.java:26)
	at com.aek426rahmani.examples.App.factorial(App.java:26)
	at com.aek426rahmani.examples.App.factorial(App.java:26)
	at com.aek426rahmani.examples.App.factorial(App.java:26)
	at com.aek426rahmani.examples.App.factorial(App.java:26)
	at com.aek426rahmani.examples.App.factorial(App.java:26)
	at com.aek426rahmani.examples.App.factorial(App.java:26)
	at com.aek426rahmani.examples.App.factorial(App.java:26)
	at com.aek426rahmani.examples.App.factorial(App.java:26)
	at com.aek426rahmani.examples.App.factorial(App.java:26)
	at com.aek426rahmani.examples.App.factorial(App.java:26)
	at com.aek426rahmani.examples.App.factorial(App.java:26)
	at com.aek426rahmani.examples.App.factorial(App.java:26)
	at com.aek426rahmani.examples.App.factorial(App.java:26)
	at com.aek426rahmani.examples.App.factorial(App.java:26)
	at com.aek426rahmani.examples.App.factorial(App.java:26)
	at com.aek426rahmani.examples.App.factorial(App.java:26)
	at com.aek426rahmani.examples.App.factorial(App.java:26)
	at com.aek426rahmani.examples.App.factorial(App.java:26)
	at com.aek426rahmani.examples.App.factorial(App.java:26)
	at com.aek426rahmani.examples.App.factorial(App.java:26)
	at com.aek426rahmani.examples.App.factorial(App.java:26)
	at com.aek426rahmani.examples.App.factorial(App.java:26)
	at com.aek426rahmani.examples.App.factorial(App.java:26)
	at com.aek426rahmani.examples.App.factorial(App.java:26)
	at com.aek426rahmani.examples.App.factorial(App.java:26)
	at com.aek426rahmani.examples.App.factorial(App.java:26)
	at com.aek426rahmani.examples.App.factorial(App.java:26)
	at com.aek426rahmani.examples.App.factorial(App.java:26)
	at com.aek426rahmani.examples.App.factorial(App.java:26)
	at com.aek426rahmani.examples.App.factorial(App.java:26)
	at com.aek426rahmani.examples.App.factorial(App.java:26)
	at com.aek426rahmani.examples.App.factorial(App.java:26)
	at com.aek426rahmani.examples.App.factorial(App.java:26)
	at com.aek426rahmani.examples.App.factorial(App.java:26)
	at com.aek426rahmani.examples.App.factorial(App.java:26)
	at com.aek426rahmani.examples.App.factorial(App.java:26)
	at com.aek426rahmani.examples.App.factorial(App.java:26)
	at com.aek426rahmani.examples.App.factorial(App.java:26)
	at com.aek426rahmani.examples.App.factorial(App.java:26)
	at com.aek426rahmani.examples.App.factorial(App.java:26)
	at com.aek426rahmani.examples.App.factorial(App.java:26)
	at com.aek426rahmani.examples.App.factorial(App.java:26)
	at com.aek426rahmani.examples.App.factorial(App.java:26)
	at com.aek426rahmani.examples.App.factorial(App.java:26)
	at com.aek426rahmani.examples.App.factorial(App.java:26)
	at com.aek426rahmani.examples.App.factorial(App.java:26)
	at com.aek426rahmani.examples.App.factorial(App.java:26)
	at com.aek426rahmani.examples.App.factorial(App.java:26)
	at com.aek426rahmani.examples.App.factorial(App.java:26)
	at com.aek426rahmani.examples.App.factorial(App.java:26)
	at com.aek426rahmani.examples.App.factorial(App.java:26)
	at com.aek426rahmani.examples.App.factorial(App.java:26)
	at com.aek426rahmani.examples.App.factorial(App.java:26)
	at com.aek426rahmani.examples.App.factorial(App.java:26)
	at com.aek426rahmani.examples.App.factorial(App.java:26)
	at com.aek426rahmani.examples.App.factorial(App.java:26)
	at com.aek426rahmani.examples.App.factorial(App.java:26)
	at com.aek426rahmani.examples.App.factorial(App.java:26)
	at com.aek426rahmani.examples.App.factorial(App.java:26)
	at com.aek426rahmani.examples.App.factorial(App.java:26)
	at com.aek426rahmani.examples.App.factorial(App.java:26)
	at com.aek426rahmani.examples.App.factorial(App.java:26)
	at com.aek426rahmani.examples.App.factorial(App.java:26)
	at com.aek426rahmani.examples.App.factorial(App.java:26)
	at com.aek426rahmani.examples.App.factorial(App.java:26)
	at com.aek426rahmani.examples.App.factorial(App.java:26)
	at com.aek426rahmani.examples.App.factorial(App.java:26)
	at com.aek426rahmani.examples.App.factorial(App.java:26)
	at com.aek426rahmani.examples.App.factorial(App.java:26)
	at com.aek426rahmani.examples.App.factorial(App.java:26)
	at com.aek426rahmani.examples.App.factorial(App.java:26)
	at com.aek426rahmani.examples.App.factorial(App.java:26)
	at com.aek426rahmani.examples.App.factorial(App.java:26)
	at com.aek426rahmani.examples.App.factorial(App.java:26)
	at com.aek426rahmani.examples.App.factorial(App.java:26)
	at com.aek426rahmani.examples.App.factorial(App.java:26)
	at com.aek426rahmani.examples.App.factorial(App.java:26)
	at com.aek426rahmani.examples.App.factorial(App.java:26)
	at com.aek426rahmani.examples.App.factorial(App.java:26)
	at com.aek426rahmani.examples.App.factorial(App.java:26)
	at com.aek426rahmani.examples.App.factorial(App.java:26)
	at com.aek426rahmani.examples.App.factorial(App.java:26)
	at com.aek426rahmani.examples.App.factorial(App.java:26)
	at com.aek426rahmani.examples.App.factorial(App.java:26)
	at com.aek426rahmani.examples.App.factorial(App.java:26)
	at com.aek426rahmani.examples.App.factorial(App.java:26)
	at com.aek426rahmani.examples.App.factorial(App.java:26)
	at com.aek426rahmani.examples.App.factorial(App.java:26)
	at com.aek426rahmani.examples.App.factorial(App.java:26)
	at com.aek426rahmani.examples.App.factorial(App.java:26)
	at com.aek426rahmani.examples.App.factorial(App.java:26)
	at com.aek426rahmani.examples.App.factorial(App.java:26)
	at com.aek426rahmani.examples.App.factorial(App.java:26)
	at com.aek426rahmani.examples.App.factorial(App.java:26)
	at com.aek426rahmani.examples.App.factorial(App.java:26)
	at com.aek426rahmani.examples.App.factorial(App.java:26)
	at com.aek426rahmani.examples.App.factorial(App.java:26)
	at com.aek426rahmani.examples.App.factorial(App.java:26)
	at com.aek426rahmani.examples.App.factorial(App.java:26)
	at com.aek426rahmani.examples.App.factorial(App.java:26)
	at com.aek426rahmani.examples.App.factorial(App.java:26)
	at com.aek426rahmani.examples.App.factorial(App.java:26)
	at com.aek426rahmani.examples.App.factorial(App.java:26)
	at com.aek426rahmani.examples.App.factorial(App.java:26)
	at com.aek426rahmani.examples.App.factorial(App.java:26)
	at com.aek426rahmani.examples.App.factorial(App.java:26)
	at com.aek426rahmani.examples.App.factorial(App.java:26)
	at com.aek426rahmani.examples.App.factorial(App.java:26)
	at com.aek426rahmani.examples.App.factorial(App.java:26)
	at com.aek426rahmani.examples.App.factorial(App.java:26)
	at com.aek426rahmani.examples.App.factorial(App.java:26)
	at com.aek426rahmani.examples.App.factorial(App.java:26)
	at com.aek426rahmani.examples.App.factorial(App.java:26)
	at com.aek426rahmani.examples.App.factorial(App.java:26)
	at com.aek426rahmani.examples.App.factorial(App.java:26)
	at com.aek426rahmani.examples.App.factorial(App.java:26)
	at com.aek426rahmani.examples.App.factorial(App.java:26)
	at com.aek426rahmani.examples.App.factorial(App.java:26)
	at com.aek426rahmani.examples.App.factorial(App.java:26)
	at com.aek426rahmani.examples.App.factorial(App.java:26)
	at com.aek426rahmani.examples.App.factorial(App.java:26)
	at com.aek426rahmani.examples.App.factorial(App.java:26)
	at com.aek426rahmani.examples.App.factorial(App.java:26)
	at com.aek426rahmani.examples.App.factorial(App.java:26)
	at com.aek426rahmani.examples.App.factorial(App.java:26)
	at com.aek426rahmani.examples.App.factorial(App.java:26)
	at com.aek426rahmani.examples.App.factorial(App.java:26)
	at com.aek426rahmani.examples.App.factorial(App.java:26)
	at com.aek426rahmani.examples.App.factorial(App.java:26)
	at com.aek426rahmani.examples.App.factorial(App.java:26)
	at com.aek426rahmani.examples.App.factorial(App.java:26)
	at com.aek426rahmani.examples.App.factorial(App.java:26)
	at com.aek426rahmani.examples.App.factorial(App.java:26)
	at com.aek426rahmani.examples.App.factorial(App.java:26)
	at com.aek426rahmani.examples.App.factorial(App.java:26)
	at com.aek426rahmani.examples.App.factorial(App.java:26)
	at com.aek426rahmani.examples.App.factorial(App.java:26)
	at com.aek426rahmani.examples.App.factorial(App.java:26)
	at com.aek426rahmani.examples.App.factorial(App.java:26)
	at com.aek426rahmani.examples.App.factorial(App.java:26)
	at com.aek426rahmani.examples.App.factorial(App.java:26)
	at com.aek426rahmani.examples.App.factorial(App.java:26)
	at com.aek426rahmani.examples.App.factorial(App.java:26)
	at com.aek426rahmani.examples.App.factorial(App.java:26)
	at com.aek426rahmani.examples.App.factorial(App.java:26)
	at com.aek426rahmani.examples.App.factorial(App.java:26)
	at com.aek426rahmani.examples.App.factorial(App.java:26)
	at com.aek426rahmani.examples.App.factorial(App.java:26)
	at com.aek426rahmani.examples.App.factorial(App.java:26)
	at com.aek426rahmani.examples.App.factorial(App.java:26)
	at com.aek426rahmani.examples.App.factorial(App.java:26)
	at com.aek426rahmani.examples.App.factorial(App.java:26)
	at com.aek426rahmani.examples.App.factorial(App.java:26)
	at com.aek426rahmani.examples.App.factorial(App.java:26)
	at com.aek426rahmani.examples.App.factorial(App.java:26)
	at com.aek426rahmani.examples.App.factorial(App.java:26)
	at com.aek426rahmani.examples.App.factorial(App.java:26)
	at com.aek426rahmani.examples.App.factorial(App.java:26)
	at com.aek426rahmani.examples.App.factorial(App.java:26)
	at com.aek426rahmani.examples.App.factorial(App.java:26)
	at com.aek426rahmani.examples.App.factorial(App.java:26)
	at com.aek426rahmani.examples.App.factorial(App.java:26)
	at com.aek426rahmani.examples.App.factorial(App.java:26)
	at com.aek426rahmani.examples.App.factorial(App.java:26)
	at com.aek426rahmani.examples.App.factorial(App.java:26)
	at com.aek426rahmani.examples.App.factorial(App.java:26)
	at com.aek426rahmani.examples.App.factorial(App.java:26)
	at com.aek426rahmani.examples.App.factorial(App.java:26)
	at com.aek426rahmani.examples.App.factorial(App.java:26)
	at com.aek426rahmani.examples.App.factorial(App.java:26)
	at com.aek426rahmani.examples.App.factorial(App.java:26)
	at com.aek426rahmani.examples.App.factorial(App.java:26)
	at com.aek426rahmani.examples.App.factorial(App.java:26)
	at com.aek426rahmani.examples.App.factorial(App.java:26)
	at com.aek426rahmani.examples.App.factorial(App.java:26)
	at com.aek426rahmani.examples.App.factorial(App.java:26)
	at com.aek426rahmani.examples.App.factorial(App.java:26)
	at com.aek426rahmani.examples.App.factorial(App.java:26)
	at com.aek426rahmani.examples.App.factorial(App.java:26)
	at com.aek426rahmani.examples.App.factorial(App.java:26)
	at com.aek426rahmani.examples.App.factorial(App.java:26)
	at com.aek426rahmani.examples.App.factorial(App.java:26)
	at com.aek426rahmani.examples.App.factorial(App.java:26)
	at com.aek426rahmani.examples.App.factorial(App.java:26)
	at com.aek426rahmani.examples.App.factorial(App.java:26)
	at com.aek426rahmani.examples.App.factorial(App.java:26)
	at com.aek426rahmani.examples.App.factorial(App.java:26)
	at com.aek426rahmani.examples.App.factorial(App.java:26)
	at com.aek426rahmani.examples.App.factorial(App.java:26)
	at com.aek426rahmani.examples.App.factorial(App.java:26)
	at com.aek426rahmani.examples.App.factorial(App.java:26)
	at com.aek426rahmani.examples.App.factorial(App.java:26)
	at com.aek426rahmani.examples.App.factorial(App.java:26)
	at com.aek426rahmani.examples.App.factorial(App.java:26)
	at com.aek426rahmani.examples.App.factorial(App.java:26)
	at com.aek426rahmani.examples.App.factorial(App.java:26)
	at com.aek426rahmani.examples.App.factorial(App.java:26)
	at com.aek426rahmani.examples.App.factorial(App.java:26)
	at com.aek426rahmani.examples.App.factorial(App.java:26)
	at com.aek426rahmani.examples.App.factorial(App.java:26)
	at com.aek426rahmani.examples.App.factorial(App.java:26)
	at com.aek426rahmani.examples.App.factorial(App.java:26)
	at com.aek426rahmani.examples.App.factorial(App.java:26)
	at com.aek426rahmani.examples.App.factorial(App.java:26)
	at com.aek426rahmani.examples.App.factorial(App.java:26)
	at com.aek426rahmani.examples.App.factorial(App.java:26)
	at com.aek426rahmani.examples.App.factorial(App.java:26)
	at com.aek426rahmani.examples.App.factorial(App.java:26)
	at com.aek426rahmani.examples.App.factorial(App.java:26)
	at com.aek426rahmani.examples.App.factorial(App.java:26)
	at com.aek426rahmani.examples.App.factorial(App.java:26)
	at com.aek426rahmani.examples.App.factorial(App.java:26)
	at com.aek426rahmani.examples.App.factorial(App.java:26)
	at com.aek426rahmani.examples.App.factorial(App.java:26)
	at com.aek426rahmani.examples.App.factorial(App.java:26)
	at com.aek426rahmani.examples.App.factorial(App.java:26)
	at com.aek426rahmani.examples.App.factorial(App.java:26)
	at com.aek426rahmani.examples.App.factorial(App.java:26)
	at com.aek426rahmani.examples.App.factorial(App.java:26)
	at com.aek426rahmani.examples.App.factorial(App.java:26)
	at com.aek426rahmani.examples.App.factorial(App.java:26)
	at com.aek426rahmani.examples.App.factorial(App.java:26)
	at com.aek426rahmani.examples.App.factorial(App.java:26)
	at com.aek426rahmani.examples.App.factorial(App.java:26)
	at com.aek426rahmani.examples.App.factorial(App.java:26)
	at com.aek426rahmani.examples.App.factorial(App.java:26)
	at com.aek426rahmani.examples.App.factorial(App.java:26)
	at com.aek426rahmani.examples.App.factorial(App.java:26)
	at com.aek426rahmani.examples.App.factorial(App.java:26)
	at com.aek426rahmani.examples.App.factorial(App.java:26)
	at com.aek426rahmani.examples.App.factorial(App.java:26)
	at com.aek426rahmani.examples.App.factorial(App.java:26)
	at com.aek426rahmani.examples.App.factorial(App.java:26)
	at com.aek426rahmani.examples.App.factorial(App.java:26)
	at com.aek426rahmani.examples.App.factorial(App.java:26)
	at com.aek426rahmani.examples.App.factorial(App.java:26)
	at com.aek426rahmani.examples.App.factorial(App.java:26)
	at com.aek426rahmani.examples.App.factorial(App.java:26)
	at com.aek426rahmani.examples.App.factorial(App.java:26)
	at com.aek426rahmani.examples.App.factorial(App.java:26)
	at com.aek426rahmani.examples.App.factorial(App.java:26)
	at com.aek426rahmani.examples.App.factorial(App.java:26)
	at com.aek426rahmani.examples.App.factorial(App.java:26)
	at com.aek426rahmani.examples.App.factorial(App.java:26)
	at com.aek426rahmani.examples.App.factorial(App.java:26)
	at com.aek426rahmani.examples.App.factorial(App.java:26)
	at com.aek426rahmani.examples.App.factorial(App.java:26)
	at com.aek426rahmani.examples.App.factorial(App.java:26)
	at com.aek426rahmani.examples.App.factorial(App.java:26)
	at com.aek426rahmani.examples.App.factorial(App.java:26)
	at com.aek426rahmani.examples.App.factorial(App.java:26)
	at com.aek426rahmani.examples.App.factorial(App.java:26)
	at com.aek426rahmani.examples.App.factorial(App.java:26)
	at com.aek426rahmani.examples.App.factorial(App.java:26)
	at com.aek426rahmani.examples.App.factorial(App.java:26)
	at com.aek426rahmani.examples.App.factorial(App.java:26)
	at com.aek426rahmani.examples.App.factorial(App.java:26)
	at com.aek426rahmani.examples.App.factorial(App.java:26)
	at com.aek426rahmani.examples.App.factorial(App.java:26)
	at com.aek426rahmani.examples.App.factorial(App.java:26)
	at com.aek426rahmani.examples.App.factorial(App.java:26)
	at com.aek426rahmani.examples.App.factorial(App.java:26)
	at com.aek426rahmani.examples.App.factorial(App.java:26)
	at com.aek426rahmani.examples.App.factorial(App.java:26)
	at com.aek426rahmani.examples.App.factorial(App.java:26)
	at com.aek426rahmani.examples.App.factorial(App.java:26)
	at com.aek426rahmani.examples.App.factorial(App.java:26)
	at com.aek426rahmani.examples.App.factorial(App.java:26)
	at com.aek426rahmani.examples.App.factorial(App.java:26)
	at com.aek426rahmani.examples.App.factorial(App.java:26)
	at com.aek426rahmani.examples.App.factorial(App.java:26)
	at com.aek426rahmani.examples.App.factorial(App.java:26)
	at com.aek426rahmani.examples.App.factorial(App.java:26)
	at com.aek426rahmani.examples.App.factorial(App.java:26)
	at com.aek426rahmani.examples.App.factorial(App.java:26)
	at com.aek426rahmani.examples.App.factorial(App.java:26)
	at com.aek426rahmani.examples.App.factorial(App.java:26)
	at com.aek426rahmani.examples.App.factorial(App.java:26)
	at com.aek426rahmani.examples.App.factorial(App.java:26)
	at com.aek426rahmani.examples.App.factorial(App.java:26)
	at com.aek426rahmani.examples.App.factorial(App.java:26)
	at com.aek426rahmani.examples.App.factorial(App.java:26)
	at com.aek426rahmani.examples.App.factorial(App.java:26)
	at com.aek426rahmani.examples.App.factorial(App.java:26)
	at com.aek426rahmani.examples.App.factorial(App.java:26)
	at com.aek426rahmani.examples.App.factorial(App.java:26)
	at com.aek426rahmani.examples.App.factorial(App.java:26)
	at com.aek426rahmani.examples.App.factorial(App.java:26)
	at com.aek426rahmani.examples.App.factorial(App.java:26)
	at com.aek426rahmani.examples.App.factorial(App.java:26)
	at com.aek426rahmani.examples.App.factorial(App.java:26)
	at com.aek426rahmani.examples.App.factorial(App.java:26)
	at com.aek426rahmani.examples.App.factorial(App.java:26)
	at com.aek426rahmani.examples.App.factorial(App.java:26)
	at com.aek426rahmani.examples.App.factorial(App.java:26)
	at com.aek426rahmani.examples.App.factorial(App.java:26)
	at com.aek426rahmani.examples.App.factorial(App.java:26)
	at com.aek426rahmani.examples.App.factorial(App.java:26)
	at com.aek426rahmani.examples.App.factorial(App.java:26)
	at com.aek426rahmani.examples.App.factorial(App.java:26)
	at com.aek426rahmani.examples.App.factorial(App.java:26)
	at com.aek426rahmani.examples.App.factorial(App.java:26)
	at com.aek426rahmani.examples.App.factorial(App.java:26)
	at com.aek426rahmani.examples.App.factorial(App.java:26)
	at com.aek426rahmani.examples.App.factorial(App.java:26)
	at com.aek426rahmani.examples.App.factorial(App.java:26)
	at com.aek426rahmani.examples.App.factorial(App.java:26)
	at com.aek426rahmani.examples.App.factorial(App.java:26)
	at com.aek426rahmani.examples.App.factorial(App.java:26)
	at com.aek426rahmani.examples.App.factorial(App.java:26)
	at com.aek426rahmani.examples.App.factorial(App.java:26)
	at com.aek426rahmani.examples.App.factorial(App.java:26)
	at com.aek426rahmani.examples.App.factorial(App.java:26)
	at com.aek426rahmani.examples.App.factorial(App.java:26)
	at com.aek426rahmani.examples.App.factorial(App.java:26)
	at com.aek426rahmani.examples.App.factorial(App.java:26)
	at com.aek426rahmani.examples.App.factorial(App.java:26)
	at com.aek426rahmani.examples.App.factorial(App.java:26)
	at com.aek426rahmani.examples.App.factorial(App.java:26)
	at com.aek426rahmani.examples.App.factorial(App.java:26)
	at com.aek426rahmani.examples.App.factorial(App.java:26)
	at com.aek426rahmani.examples.App.factorial(App.java:26)
	at com.aek426rahmani.examples.App.factorial(App.java:26)
	at com.aek426rahmani.examples.App.factorial(App.java:26)
	at com.aek426rahmani.examples.App.factorial(App.java:26)
	at com.aek426rahmani.examples.App.factorial(App.java:26)
	at com.aek426rahmani.examples.App.factorial(App.java:26)
	at com.aek426rahmani.examples.App.factorial(App.java:26)
	at com.aek426rahmani.examples.App.factorial(App.java:26)
	at com.aek426rahmani.examples.App.factorial(App.java:26)
	at com.aek426rahmani.examples.App.factorial(App.java:26)
	at com.aek426rahmani.examples.App.factorial(App.java:26)
	at com.aek426rahmani.examples.App.factorial(App.java:26)
	at com.aek426rahmani.examples.App.factorial(App.java:26)
	at com.aek426rahmani.examples.App.factorial(App.java:26)
	at com.aek426rahmani.examples.App.factorial(App.java:26)
	at com.aek426rahmani.examples.App.factorial(App.java:26)
	at com.aek426rahmani.examples.App.factorial(App.java:26)
	at com.aek426rahmani.examples.App.factorial(App.java:26)
	at com.aek426rahmani.examples.App.factorial(App.java:26)
	at com.aek426rahmani.examples.App.factorial(App.java:26)
	at com.aek426rahmani.examples.App.factorial(App.java:26)
	at com.aek426rahmani.examples.App.factorial(App.java:26)
	at com.aek426rahmani.examples.App.factorial(App.java:26)
	at com.aek426rahmani.examples.App.factorial(App.java:26)
	at com.aek426rahmani.examples.App.factorial(App.java:26)
	at com.aek426rahmani.examples.App.factorial(App.java:26)
	at com.aek426rahmani.examples.App.factorial(App.java:26)
	at com.aek426rahmani.examples.App.factorial(App.java:26)
	at com.aek426rahmani.examples.App.factorial(App.java:26)
	at com.aek426rahmani.examples.App.factorial(App.java:26)
	at com.aek426rahmani.examples.App.factorial(App.java:26)
	at com.aek426rahmani.examples.App.factorial(App.java:26)
	at com.aek426rahmani.examples.App.factorial(App.java:26)
	at com.aek426rahmani.examples.App.factorial(App.java:26)
	at com.aek426rahmani.examples.App.factorial(App.java:26)
	at com.aek426rahmani.examples.App.factorial(App.java:26)
	at com.aek426rahmani.examples.App.factorial(App.java:26)
	at com.aek426rahmani.examples.App.factorial(App.java:26)
	at com.aek426rahmani.examples.App.factorial(App.java:26)
	at com.aek426rahmani.examples.App.factorial(App.java:26)
	at com.aek426rahmani.examples.App.factorial(App.java:26)
	at com.aek426rahmani.examples.App.factorial(App.java:26)
	at com.aek426rahmani.examples.App.factorial(App.java:26)
	at com.aek426rahmani.examples.App.factorial(App.java:26)
	at com.aek426rahmani.examples.App.factorial(App.java:26)
	at com.aek426rahmani.examples.App.factorial(App.java:26)
	at com.aek426rahmani.examples.App.factorial(App.java:26)
	at com.aek426rahmani.examples.App.factorial(App.java:26)
	at com.aek426rahmani.examples.App.factorial(App.java:26)
	at com.aek426rahmani.examples.App.factorial(App.java:26)
	at com.aek426rahmani.examples.App.factorial(App.java:26)
	at com.aek426rahmani.examples.App.factorial(App.java:26)
	at com.aek426rahmani.examples.App.factorial(App.java:26)
	at com.aek426rahmani.examples.App.factorial(App.java:26)
	at com.aek426rahmani.examples.App.factorial(App.java:26)
	at com.aek426rahmani.examples.App.factorial(App.java:26)
	at com.aek426rahmani.examples.App.factorial(App.java:26)
	at com.aek426rahmani.examples.App.factorial(App.java:26)
	at com.aek426rahmani.examples.App.factorial(App.java:26)
	at com.aek426rahmani.examples.App.factorial(App.java:26)
	at com.aek426rahmani.examples.App.factorial(App.java:26)
	at com.aek426rahmani.examples.App.factorial(App.java:26)
	at com.aek426rahmani.examples.App.factorial(App.java:26)
	at com.aek426rahmani.examples.App.factorial(App.java:26)
	at com.aek426rahmani.examples.App.factorial(App.java:26)
	at com.aek426rahmani.examples.App.factorial(App.java:26)
	at com.aek426rahmani.examples.App.factorial(App.java:26)
	at com.aek426rahmani.examples.App.factorial(App.java:26)
	at com.aek426rahmani.examples.App.factorial(App.java:26)
	at com.aek426rahmani.examples.App.factorial(App.java:26)
	at com.aek426rahmani.examples.App.factorial(App.java:26)
	at com.aek426rahmani.examples.App.factorial(App.java:26)
	at com.aek426rahmani.examples.App.factorial(App.java:26)
	at com.aek426rahmani.examples.App.factorial(App.java:26)
	at com.aek426rahmani.examples.App.factorial(App.java:26)
	at com.aek426rahmani.examples.App.factorial(App.java:26)
	at com.aek426rahmani.examples.App.factorial(App.java:26)
	at com.aek426rahmani.examples.App.factorial(App.java:26)
	at com.aek426rahmani.examples.App.factorial(App.java:26)
	at com.aek426rahmani.examples.App.factorial(App.java:26)
	at com.aek426rahmani.examples.App.factorial(App.java:26)
	at com.aek426rahmani.examples.App.factorial(App.java:26)
	at com.aek426rahmani.examples.App.factorial(App.java:26)
	at com.aek426rahmani.examples.App.factorial(App.java:26)
	at com.aek426rahmani.examples.App.factorial(App.java:26)
	at com.aek426rahmani.examples.App.factorial(App.java:26)
	at com.aek426rahmani.examples.App.factorial(App.java:26)
	at com.aek426rahmani.examples.App.factorial(App.java:26)
	at com.aek426rahmani.examples.App.factorial(App.java:26)
	at com.aek426rahmani.examples.App.factorial(App.java:26)
	at com.aek426rahmani.examples.App.factorial(App.java:26)
	at com.aek426rahmani.examples.App.factorial(App.java:26)
	at com.aek426rahmani.examples.App.factorial(App.java:26)
	at com.aek426rahmani.examples.App.factorial(App.java:26)
	at com.aek426rahmani.examples.App.factorial(App.java:26)
	at com.aek426rahmani.examples.App.factorial(App.java:26)
	at com.aek426rahmani.examples.App.factorial(App.java:26)
	at com.aek426rahmani.examples.App.factorial(App.java:26)
	at com.aek426rahmani.examples.App.factorial(App.java:26)
	at com.aek426rahmani.examples.App.factorial(App.java:26)
	at com.aek426rahmani.examples.App.factorial(App.java:26)
	at com.aek426rahmani.examples.App.factorial(App.java:26)
	at com.aek426rahmani.examples.App.factorial(App.java:26)
	at com.aek426rahmani.examples.App.factorial(App.java:26)
	at com.aek426rahmani.examples.App.factorial(App.java:26)
	at com.aek426rahmani.examples.App.factorial(App.java:26)
	at com.aek426rahmani.examples.App.factorial(App.java:26)
	at com.aek426rahmani.examples.App.factorial(App.java:26)
	at com.aek426rahmani.examples.App.factorial(App.java:26)
	at com.aek426rahmani.examples.App.factorial(App.java:26)
	at com.aek426rahmani.examples.App.factorial(App.java:26)
	at com.aek426rahmani.examples.App.factorial(App.java:26)
	at com.aek426rahmani.examples.App.factorial(App.java:26)
	at com.aek426rahmani.examples.App.factorial(App.java:26)
	at com.aek426rahmani.examples.App.factorial(App.java:26)
	at com.aek426rahmani.examples.App.factorial(App.java:26)
	at com.aek426rahmani.examples.App.factorial(App.java:26)
	at com.aek426rahmani.examples.App.factorial(App.java:26)
	at com.aek426rahmani.examples.App.factorial(App.java:26)
	at com.aek426rahmani.examples.App.factorial(App.java:26)
	at com.aek426rahmani.examples.App.factorial(App.java:26)
	at com.aek426rahmani.examples.App.factorial(App.java:26)
	at com.aek426rahmani.examples.App.factorial(App.java:26)
	at com.aek426rahmani.examples.App.factorial(App.java:26)
	at com.aek426rahmani.examples.App.factorial(App.java:26)
	at com.aek426rahmani.examples.App.factorial(App.java:26)
	at com.aek426rahmani.examples.App.factorial(App.java:26)
	at com.aek426rahmani.examples.App.factorial(App.java:26)
	at com.aek426rahmani.examples.App.factorial(App.java:26)
	at com.aek426rahmani.examples.App.factorial(App.java:26)
	at com.aek426rahmani.examples.App.factorial(App.java:26)
	at com.aek426rahmani.examples.App.factorial(App.java:26)
	at com.aek426rahmani.examples.App.factorial(App.java:26)
	at com.aek426rahmani.examples.App.factorial(App.java:26)
	at com.aek426rahmani.examples.App.factorial(App.java:26)
	at com.aek426rahmani.examples.App.factorial(App.java:26)
	at com.aek426rahmani.examples.App.factorial(App.java:26)
	at com.aek426rahmani.examples.App.factorial(App.java:26)
	at com.aek426rahmani.examples.App.factorial(App.java:26)
	at com.aek426rahmani.examples.App.factorial(App.java:26)
	at com.aek426rahmani.examples.App.factorial(App.java:26)
	at com.aek426rahmani.examples.App.factorial(App.java:26)
	at com.aek426rahmani.examples.App.factorial(App.java:26)
	at com.aek426rahmani.examples.App.factorial(App.java:26)
	at com.aek426rahmani.examples.App.factorial(App.java:26)
	at com.aek426rahmani.examples.App.factorial(App.java:26)
	at com.aek426rahmani.examples.App.factorial(App.java:26)
	at com.aek426rahmani.examples.App.factorial(App.java:26)
	at com.aek426rahmani.examples.App.factorial(App.java:26)
	at com.aek426rahmani.examples.App.factorial(App.java:26)
	at com.aek426rahmani.examples.App.factorial(App.java:26)
	at com.aek426rahmani.examples.App.factorial(App.java:26)
	at com.aek426rahmani.examples.App.factorial(App.java:26)
	at com.aek426rahmani.examples.App.factorial(App.java:26)
	at com.aek426rahmani.examples.App.factorial(App.java:26)
	at com.aek426rahmani.examples.App.factorial(App.java:26)
	at com.aek426rahmani.examples.App.factorial(App.java:26)
	at com.aek426rahmani.examples.App.factorial(App.java:26)
	at com.aek426rahmani.examples.App.factorial(App.java:26)
	at com.aek426rahmani.examples.App.factorial(App.java:26)
	at com.aek426rahmani.examples.App.factorial(App.java:26)
	at com.aek426rahmani.examples.App.factorial(App.java:26)
	at com.aek426rahmani.examples.App.factorial(App.java:26)
	at com.aek426rahmani.examples.App.factorial(App.java:26)
	at com.aek426rahmani.examples.App.factorial(App.java:26)
	at com.aek426rahmani.examples.App.factorial(App.java:26)
	at com.aek426rahmani.examples.App.factorial(App.java:26)
	at com.aek426rahmani.examples.App.factorial(App.java:26)
	at com.aek426rahmani.examples.App.factorial(App.java:26)
	at com.aek426rahmani.examples.App.factorial(App.java:26)
	at com.aek426rahmani.examples.App.factorial(App.java:26)
	at com.aek426rahmani.examples.App.factorial(App.java:26)
	at com.aek426rahmani.examples.App.factorial(App.java:26)
	at com.aek426rahmani.examples.App.factorial(App.java:26)
	at com.aek426rahmani.examples.App.factorial(App.java:26)
	at com.aek426rahmani.examples.App.factorial(App.java:26)
	at com.aek426rahmani.examples.App.factorial(App.java:26)
	at com.aek426rahmani.examples.App.factorial(App.java:26)
	at com.aek426rahmani.examples.App.factorial(App.java:26)
	at com.aek426rahmani.examples.App.factorial(App.java:26)
	at com.aek426rahmani.examples.App.factorial(App.java:26)
	at com.aek426rahmani.examples.App.factorial(App.java:26)
	at com.aek426rahmani.examples.App.factorial(App.java:26)
	at com.aek426rahmani.examples.App.factorial(App.java:26)
	at com.aek426rahmani.examples.App.factorial(App.java:26)
	at com.aek426rahmani.examples.App.factorial(App.java:26)
	at com.aek426rahmani.examples.App.factorial(App.java:26)
	at com.aek426rahmani.examples.App.factorial(App.java:26)
	at com.aek426rahmani.examples.App.factorial(App.java:26)
	at com.aek426rahmani.examples.App.factorial(App.java:26)
	at com.aek426rahmani.examples.App.factorial(App.java:26)
	at com.aek426rahmani.examples.App.factorial(App.java:26)
	at com.aek426rahmani.examples.App.factorial(App.java:26)
	at com.aek426rahmani.examples.App.factorial(App.java:26)
	at com.aek426rahmani.examples.App.factorial(App.java:26)
	at com.aek426rahmani.examples.App.factorial(App.java:26)
	at com.aek426rahmani.examples.App.factorial(App.java:26)
	at com.aek426rahmani.examples.App.factorial(App.java:26)
	at com.aek426rahmani.examples.App.factorial(App.java:26)
	at com.aek426rahmani.examples.App.factorial(App.java:26)
	at com.aek426rahmani.examples.App.factorial(App.java:26)
	at com.aek426rahmani.examples.App.factorial(App.java:26)
	at com.aek426rahmani.examples.App.factorial(App.java:26)
	at com.aek426rahmani.examples.App.factorial(App.java:26)
	at com.aek426rahmani.examples.App.factorial(App.java:26)
	at com.aek426rahmani.examples.App.factorial(App.java:26)
	at com.aek426rahmani.examples.App.factorial(App.java:26)
	at com.aek426rahmani.examples.App.factorial(App.java:26)
	at com.aek426rahmani.examples.App.factorial(App.java:26)
	at com.aek426rahmani.examples.App.factorial(App.java:26)
	at com.aek426rahmani.examples.App.factorial(App.java:26)
	at com.aek426rahmani.examples.App.factorial(App.java:26)
	at com.aek426rahmani.examples.App.factorial(App.java:26)
	at com.aek426rahmani.examples.App.factorial(App.java:26)
	at com.aek426rahmani.examples.App.factorial(App.java:26)
	at com.aek426rahmani.examples.App.factorial(App.java:26)
	at com.aek426rahmani.examples.App.factorial(App.java:26)
	at com.aek426rahmani.examples.App.factorial(App.java:26)
	at com.aek426rahmani.examples.App.factorial(App.java:26)
	at com.aek426rahmani.examples.App.factorial(App.java:26)
	at com.aek426rahmani.examples.App.factorial(App.java:26)
	at com.aek426rahmani.examples.App.factorial(App.java:26)
	at com.aek426rahmani.examples.App.factorial(App.java:26)
	at com.aek426rahmani.examples.App.factorial(App.java:26)
	at com.aek426rahmani.examples.App.factorial(App.java:26)
	at com.aek426rahmani.examples.App.factorial(App.java:26)
	at com.aek426rahmani.examples.App.factorial(App.java:26)
	at com.aek426rahmani.examples.App.factorial(App.java:26)
	at com.aek426rahmani.examples.App.factorial(App.java:26)
	at com.aek426rahmani.examples.App.factorial(App.java:26)
	at com.aek426rahmani.examples.App.factorial(App.java:26)
	at com.aek426rahmani.examples.App.factorial(App.java:26)
	at com.aek426rahmani.examples.App.factorial(App.java:26)
	at com.aek426rahmani.examples.App.factorial(App.java:26)
	at com.aek426rahmani.examples.App.factorial(App.java:26)
	at com.aek426rahmani.examples.App.factorial(App.java:26)
	at com.aek426rahmani.examples.App.factorial(App.java:26)
	at com.aek426rahmani.examples.App.factorial(App.java:26)
	at com.aek426rahmani.examples.App.factorial(App.java:26)
	at com.aek426rahmani.examples.App.factorial(App.java:26)
	at com.aek426rahmani.examples.App.factorial(App.java:26)
	at com.aek426rahmani.examples.App.factorial(App.java:26)
	at com.aek426rahmani.examples.App.factorial(App.java:26)
	at com.aek426rahmani.examples.App.factorial(App.java:26)
	at com.aek426rahmani.examples.App.factorial(App.java:26)
	at com.aek426rahmani.examples.App.factorial(App.java:26)
	at com.aek426rahmani.examples.App.factorial(App.java:26)
	at com.aek426rahmani.examples.App.factorial(App.java:26)
	at com.aek426rahmani.examples.App.factorial(App.java:26)
	at com.aek426rahmani.examples.App.factorial(App.java:26)
	at com.aek426rahmani.examples.App.factorial(App.java:26)
	at com.aek426rahmani.examples.App.factorial(App.java:26)
	at com.aek426rahmani.examples.App.factorial(App.java:26)
	at com.aek426rahmani.examples.App.factorial(App.java:26)
	at com.aek426rahmani.examples.App.factorial(App.java:26)
	at com.aek426rahmani.examples.App.factorial(App.java:26)
	at com.aek426rahmani.examples.App.factorial(App.java:26)
	at com.aek426rahmani.examples.App.factorial(App.java:26)
	at com.aek426rahmani.examples.App.factorial(App.java:26)
	at com.aek426rahmani.examples.App.factorial(App.java:26)
	at com.aek426rahmani.examples.App.factorial(App.java:26)
	at com.aek426rahmani.examples.App.factorial(App.java:26)
	at com.aek426rahmani.examples.App.factorial(App.java:26)
	at com.aek426rahmani.examples.App.factorial(App.java:26)
	at com.aek426rahmani.examples.App.factorial(App.java:26)
	at com.aek426rahmani.examples.App.factorial(App.java:26)
	at com.aek426rahmani.examples.App.factorial(App.java:26)
	at com.aek426rahmani.examples.App.factorial(App.java:26)
	at com.aek426rahmani.examples.App.factorial(App.java:26)
	at com.aek426rahmani.examples.App.factorial(App.java:26)
	at com.aek426rahmani.examples.App.factorial(App.java:26)
	at com.aek426rahmani.examples.App.factorial(App.java:26)
	at com.aek426rahmani.examples.App.factorial(App.java:26)
	at com.aek426rahmani.examples.App.factorial(App.java:26)
	at com.aek426rahmani.examples.App.factorial(App.java:26)
	at com.aek426rahmani.examples.App.factorial(App.java:26)
	at com.aek426rahmani.examples.App.factorial(App.java:26)
	at com.aek426rahmani.examples.App.factorial(App.java:26)
	at com.aek426rahmani.examples.App.factorial(App.java:26)
	at com.aek426rahmani.examples.App.factorial(App.java:26)
	at com.aek426rahmani.examples.App.factorial(App.java:26)
	at com.aek426rahmani.examples.App.factorial(App.java:26)
	at com.aek426rahmani.examples.App.factorial(App.java:26)
	at com.aek426rahmani.examples.App.factorial(App.java:26)
	at com.aek426rahmani.examples.App.factorial(App.java:26)
	at com.aek426rahmani.examples.App.factorial(App.java:26)
	at com.aek426rahmani.examples.App.factorial(App.java:26)
	at com.aek426rahmani.examples.App.factorial(App.java:26)
	at com.aek426rahmani.examples.App.factorial(App.java:26)
	at com.aek426rahmani.examples.App.factorial(App.java:26)
	at com.aek426rahmani.examples.App.factorial(App.java:26)
	at com.aek426rahmani.examples.App.factorial(App.java:26)
	at com.aek426rahmani.examples.App.factorial(App.java:26)
	at com.aek426rahmani.examples.App.factorial(App.java:26)
	at com.aek426rahmani.examples.App.factorial(App.java:26)
	at com.aek426rahmani.examples.App.factorial(App.java:26)
	at com.aek426rahmani.examples.App.factorial(App.java:26)
	at com.aek426rahmani.examples.App.factorial(App.java:26)
	at com.aek426rahmani.examples.App.factorial(App.java:26)
	at com.aek426rahmani.examples.App.factorial(App.java:26)
	at com.aek426rahmani.examples.App.factorial(App.java:26)
	at com.aek426rahmani.examples.App.factorial(App.java:26)
	at com.aek426rahmani.examples.App.factorial(App.java:26)
	at com.aek426rahmani.examples.App.factorial(App.java:26)
	at com.aek426rahmani.examples.App.factorial(App.java:26)
	at com.aek426rahmani.examples.App.factorial(App.java:26)
	at com.aek426rahmani.examples.App.factorial(App.java:26)
	at com.aek426rahmani.examples.App.factorial(App.java:26)
	at com.aek426rahmani.examples.App.factorial(App.java:26)
	at com.aek426rahmani.examples.App.factorial(App.java:26)
	at com.aek426rahmani.examples.App.factorial(App.java:26)
	at com.aek426rahmani.examples.App.factorial(App.java:26)
	at com.aek426rahmani.examples.App.factorial(App.java:26)
	at com.aek426rahmani.examples.App.factorial(App.java:26)
	at com.aek426rahmani.examples.App.factorial(App.java:26)
	at com.aek426rahmani.examples.App.factorial(App.java:26)
	at com.aek426rahmani.examples.App.factorial(App.java:26)
	at com.aek426rahmani.examples.App.factorial(App.java:26)
	at com.aek426rahmani.examples.App.factorial(App.java:26)
	at com.aek426rahmani.examples.App.factorial(App.java:26)
	at com.aek426rahmani.examples.App.factorial(App.java:26)
	at com.aek426rahmani.examples.App.factorial(App.java:26)
	at com.aek426rahmani.examples.App.factorial(App.java:26)
	at com.aek426rahmani.examples.App.factorial(App.java:26)
	at com.aek426rahmani.examples.App.factorial(App.java:26)
	at com.aek426rahmani.examples.App.factorial(App.java:26)
	at com.aek426rahmani.examples.App.factorial(App.java:26)
	at com.aek426rahmani.examples.App.factorial(App.java:26)
	at com.aek426rahmani.examples.App.factorial(App.java:26)
	at com.aek426rahmani.examples.App.factorial(App.java:26)
	at com.aek426rahmani.examples.App.factorial(App.java:26)
	at com.aek426rahmani.examples.App.factorial(App.java:26)
	at com.aek426rahmani.examples.App.factorial(App.java:26)
	at com.aek426rahmani.examples.App.factorial(App.java:26)
	at com.aek426rahmani.examples.App.factorial(App.java:26)
	at com.aek426rahmani.examples.App.factorial(App.java:26)
	at com.aek426rahmani.examples.App.factorial(App.java:26)
	at com.aek426rahmani.examples.App.factorial(App.java:26)
	at com.aek426rahmani.examples.App.factorial(App.java:26)
	at com.aek426rahmani.examples.App.factorial(App.java:26)
	at com.aek426rahmani.examples.App.factorial(App.java:26)
	at com.aek426rahmani.examples.App.factorial(App.java:26)
	at com.aek426rahmani.examples.App.factorial(App.java:26)
	at com.aek426rahmani.examples.App.factorial(App.java:26)
	at com.aek426rahmani.examples.App.factorial(App.java:26)
	at com.aek426rahmani.examples.App.factorial(App.java:26)
	at com.aek426rahmani.examples.App.factorial(App.java:26)
	at com.aek426rahmani.examples.App.factorial(App.java:26)
	at com.aek426rahmani.examples.App.factorial(App.java:26)
	at com.aek426rahmani.examples.App.factorial(App.java:26)
	at com.aek426rahmani.examples.App.factorial(App.java:26)
	at com.aek426rahmani.examples.App.factorial(App.java:26)
	at com.aek426rahmani.examples.App.factorial(App.java:26)
	at com.aek426rahmani.examples.App.factorial(App.java:26)
	at com.aek426rahmani.examples.App.factorial(App.java:26)
	at com.aek426rahmani.examples.App.factorial(App.java:26)
	at com.aek426rahmani.examples.App.factorial(App.java:26)
	at com.aek426rahmani.examples.App.factorial(App.java:26)
	at com.aek426rahmani.examples.App.factorial(App.java:26)
	at com.aek426rahmani.examples.App.factorial(App.java:26)
	at com.aek426rahmani.examples.App.factorial(App.java:26)
	at com.aek426rahmani.examples.App.factorial(App.java:26)
	at com.aek426rahmani.examples.App.factorial(App.java:26)
	at com.aek426rahmani.examples.App.factorial(App.java:26)
	at com.aek426rahmani.examples.App.factorial(App.java:26)
	at com.aek426rahmani.examples.App.factorial(App.java:26)
	at com.aek426rahmani.examples.App.factorial(App.java:26)
	at com.aek426rahmani.examples.App.factorial(App.java:26)
	at com.aek426rahmani.examples.App.factorial(App.java:26)
	at com.aek426rahmani.examples.App.factorial(App.java:26)
	at com.aek426rahmani.examples.App.factorial(App.java:26)
	at com.aek426rahmani.examples.App.factorial(App.java:26)
	at com.aek426rahmani.examples.App.factorial(App.java:26)
	at com.aek426rahmani.examples.App.factorial(App.java:26)
	at com.aek426rahmani.examples.App.factorial(App.java:26)
	at com.aek426rahmani.examples.App.factorial(App.java:26)
	at com.aek426rahmani.examples.App.factorial(App.java:26)
	at com.aek426rahmani.examples.App.factorial(App.java:26)
	at com.aek426rahmani.examples.App.factorial(App.java:26)
	at com.aek426rahmani.examples.App.factorial(App.java:26)
	at com.aek426rahmani.examples.App.factorial(App.java:26)
	at com.aek426rahmani.examples.App.factorial(App.java:26)
	at com.aek426rahmani.examples.App.factorial(App.java:26)
	at com.aek426rahmani.examples.App.factorial(App.java:26)
	at com.aek426rahmani.examples.App.factorial(App.java:26)
	at com.aek426rahmani.examples.App.factorial(App.java:26)
	at com.aek426rahmani.examples.App.factorial(App.java:26)
	at com.aek426rahmani.examples.App.factorial(App.java:26)
	at com.aek426rahmani.examples.App.factorial(App.java:26)
	at com.aek426rahmani.examples.App.factorial(App.java:26)
	at com.aek426rahmani.examples.App.factorial(App.java:26)
	at com.aek426rahmani.examples.App.factorial(App.java:26)
	at com.aek426rahmani.examples.App.factorial(App.java:26)
	at com.aek426rahmani.examples.App.factorial(App.java:26)
	at com.aek426rahmani.examples.App.factorial(App.java:26)
	at com.aek426rahmani.examples.App.factorial(App.java:26)
	at com.aek426rahmani.examples.App.factorial(App.java:26)
	at com.aek426rahmani.examples.App.factorial(App.java:26)
	at com.aek426rahmani.examples.App.factorial(App.java:26)
	at com.aek426rahmani.examples.App.factorial(App.java:26)
	at com.aek426rahmani.examples.App.factorial(App.java:26)
	at com.aek426rahmani.examples.App.factorial(App.java:26)
	at com.aek426rahmani.examples.App.factorial(App.java:26)
	at com.aek426rahmani.examples.App.factorial(App.java:26)
	at com.aek426rahmani.examples.App.factorial(App.java:26)
	at com.aek426rahmani.examples.App.factorial(App.java:26)
	at com.aek426rahmani.examples.App.factorial(App.java:26)
	at com.aek426rahmani.examples.App.factorial(App.java:26)
	at com.aek426rahmani.examples.App.factorial(App.java:26)
	at com.aek426rahmani.examples.App.factorial(App.java:26)
	at com.aek426rahmani.examples.App.factorial(App.java:26)
	at com.aek426rahmani.examples.App.factorial(App.java:26)
	at com.aek426rahmani.examples.App.factorial(App.java:26)
	at com.aek426rahmani.examples.App.factorial(App.java:26)
	at com.aek426rahmani.examples.App.factorial(App.java:26)
	at com.aek426rahmani.examples.App.factorial(App.java:26)
	at com.aek426rahmani.examples.App.factorial(App.java:26)
	at com.aek426rahmani.examples.App.factorial(App.java:26)
	at com.aek426rahmani.examples.App.factorial(App.java:26)
	at com.aek426rahmani.examples.App.factorial(App.java:26)
	at com.aek426rahmani.examples.App.factorial(App.java:26)
	at com.aek426rahmani.examples.App.factorial(App.java:26)
	at com.aek426rahmani.examples.App.factorial(App.java:26)
	at com.aek426rahmani.examples.App.factorial(App.java:26)
	at com.aek426rahmani.examples.App.factorial(App.java:26)
	at com.aek426rahmani.examples.App.factorial(App.java:26)
	at com.aek426rahmani.examples.App.factorial(App.java:26)
	at com.aek426rahmani.examples.App.factorial(App.java:26)
	at com.aek426rahmani.examples.App.factorial(App.java:26)
	at com.aek426rahmani.examples.App.factorial(App.java:26)
	at com.aek426rahmani.examples.App.factorial(App.java:26)
	at com.aek426rahmani.examples.App.factorial(App.java:26)
	at com.aek426rahmani.examples.App.factorial(App.java:26)
	at com.aek426rahmani.examples.App.factorial(App.java:26)
	at com.aek426rahmani.examples.App.factorial(App.java:26)
	at com.aek426rahmani.examples.App.factorial(App.java:26)
	at com.aek426rahmani.examples.App.factorial(App.java:26)
	at com.aek426rahmani.examples.App.factorial(App.java:26)
	at com.aek426rahmani.examples.App.factorial(App.java:26)
	at com.aek426rahmani.examples.App.factorial(App.java:26)
	at com.aek426rahmani.examples.App.factorial(App.java:26)
	at com.aek426rahmani.examples.App.factorial(App.java:26)
	at com.aek426rahmani.examples.App.factorial(App.java:26)
	at com.aek426rahmani.examples.App.factorial(App.java:26)
	at com.aek426rahmani.examples.App.factorial(App.java:26)
	at com.aek426rahmani.examples.App.factorial(App.java:26)
	at com.aek426rahmani.examples.App.factorial(App.java:26)
	at com.aek426rahmani.examples.App.factorial(App.java:26)
	at com.aek426rahmani.examples.App.factorial(App.java:26)
	at com.aek426rahmani.examples.App.factorial(App.java:26)
	at com.aek426rahmani.examples.App.factorial(App.java:26)
	at com.aek426rahmani.examples.App.factorial(App.java:26)
	at com.aek426rahmani.examples.App.factorial(App.java:26)
	at com.aek426rahmani.examples.App.factorial(App.java:26)
	at com.aek426rahmani.examples.App.factorial(App.java:26)
	at com.aek426rahmani.examples.App.factorial(App.java:26)
	at com.aek426rahmani.examples.App.factorial(App.java:26)
	at com.aek426rahmani.examples.App.factorial(App.java:26)
	at com.aek426rahmani.examples.App.factorial(App.java:26)
	at com.aek426rahmani.examples.App.factorial(App.java:26)
	at com.aek426rahmani.examples.App.factorial(App.java:26)
	at com.aek426rahmani.examples.App.factorial(App.java:26)
	at com.aek426rahmani.examples.App.factorial(App.java:26)
	at com.aek426rahmani.examples.App.factorial(App.java:26)
	at com.aek426rahmani.examples.App.factorial(App.java:26)
	at com.aek426rahmani.examples.App.factorial(App.java:26)
	at com.aek426rahmani.examples.App.factorial(App.java:26)
	at com.aek426rahmani.examples.App.factorial(App.java:26)
	at com.aek426rahmani.examples.App.factorial(App.java:26)
	at com.aek426rahmani.examples.App.factorial(App.java:26)
	at com.aek426rahmani.examples.App.factorial(App.java:26)
	at com.aek426rahmani.examples.App.factorial(App.java:26)
	at com.aek426rahmani.examples.App.factorial(App.java:26)
	at com.aek426rahmani.examples.App.factorial(App.java:26)
	at com.aek426rahmani.examples.App.factorial(App.java:26)
	at com.aek426rahmani.examples.App.factorial(App.java:26)
	at com.aek426rahmani.examples.App.factorial(App.java:26)
	at com.aek426rahmani.examples.App.factorial(App.java:26)
	at com.aek426rahmani.examples.App.factorial(App.java:26)
	at com.aek426rahmani.examples.App.factorial(App.java:26)
	at com.aek426rahmani.examples.App.factorial(App.java:26)
	at com.aek426rahmani.examples.App.factorial(App.java:26)
	at com.aek426rahmani.examples.App.factorial(App.java:26)
	at com.aek426rahmani.examples.App.factorial(App.java:26)
	at com.aek426rahmani.examples.App.factorial(App.java:26)
	at com.aek426rahmani.examples.App.factorial(App.java:26)
	at com.aek426rahmani.examples.App.factorial(App.java:26)
	at com.aek426rahmani.examples.App.factorial(App.java:26)
	at com.aek426rahmani.examples.App.factorial(App.java:26)
	at com.aek426rahmani.examples.App.factorial(App.java:26)
	at com.aek426rahmani.examples.App.factorial(App.java:26)
	at com.aek426rahmani.examples.App.factorial(App.java:26)
	at com.aek426rahmani.examples.App.factorial(App.java:26)
	at com.aek426rahmani.examples.App.factorial(App.java:26)
	at com.aek426rahmani.examples.App.factorial(App.java:26)
	at com.aek426rahmani.examples.App.factorial(App.java:26)
	at com.aek426rahmani.examples.App.factorial(App.java:26)
	at com.aek426rahmani.examples.App.factorial(App.java:26)
	at com.aek426rahmani.examples.App.factorial(App.java:26)
	at com.aek426rahmani.examples.App.factorial(App.java:26)
	at com.aek426rahmani.examples.App.factorial(App.java:26)
	at com.aek426rahmani.examples.App.factorial(App.java:26)
	at com.aek426rahmani.examples.App.factorial(App.java:26)
	at com.aek426rahmani.examples.App.factorial(App.java:26)
	at com.aek426rahmani.examples.App.factorial(App.java:26)
	at com.aek426rahmani.examples.App.factorial(App.java:26)
	at com.aek426rahmani.examples.App.factorial(App.java:26)
	at com.aek426rahmani.examples.App.factorial(App.java:26)
	at com.aek426rahmani.examples.App.factorial(App.java:26)
	at com.aek426rahmani.examples.App.factorial(App.java:26)
	at com.aek426rahmani.examples.App.factorial(App.java:26)
	at com.aek426rahmani.examples.App.factorial(App.java:26)
	at com.aek426rahmani.examples.App.factorial(App.java:26)
	at com.aek426rahmani.examples.App.factorial(App.java:26)
	at com.aek426rahmani.examples.App.factorial(App.java:26)
	at com.aek426rahmani.examples.App.factorial(App.java:26)
	at com.aek426rahmani.examples.App.factorial(App.java:26)
	at com.aek426rahmani.examples.App.factorial(App.java:26)
	at com.aek426rahmani.examples.App.factorial(App.java:26)
	at com.aek426rahmani.examples.App.factorial(App.java:26)
	at com.aek426rahmani.examples.App.factorial(App.java:26)
	at com.aek426rahmani.examples.App.factorial(App.java:26)
	at com.aek426rahmani.examples.App.factorial(App.java:26)
	at com.aek426rahmani.examples.App.factorial(App.java:26)
	at com.aek426rahmani.examples.App.factorial(App.java:26)
	at com.aek426rahmani.examples.App.factorial(App.java:26)
	at com.aek426rahmani.examples.App.factorial(App.java:26)
	at com.aek426rahmani.examples.App.factorial(App.java:26)
	at com.aek426rahmani.examples.App.factorial(App.java:26)
	at com.aek426rahmani.examples.App.factorial(App.java:26)
	at com.aek426rahmani.examples.App.factorial(App.java:26)
	at com.aek426rahmani.examples.App.factorial(App.java:26)
	at com.aek426rahmani.examples.App.factorial(App.java:26)
	at com.aek426rahmani.examples.App.factorial(App.java:26)
	at com.aek426rahmani.examples.App.factorial(App.java:26)
	at com.aek426rahmani.examples.App.factorial(App.java:26)
	at com.aek426rahmani.examples.App.factorial(App.java:26)
	at com.aek426rahmani.examples.App.factorial(App.java:26)
	at com.aek426rahmani.examples.App.factorial(App.java:26)
	at com.aek426rahmani.examples.App.factorial(App.java:26)
	at com.aek426rahmani.examples.App.factorial(App.java:26)
	at com.aek426rahmani.examples.App.factorial(App.java:26)
	at com.aek426rahmani.examples.App.factorial(App.java:26)
	at com.aek426rahmani.examples.App.factorial(App.java:26)
	at com.aek426rahmani.examples.App.factorial(App.java:26)
	at com.aek426rahmani.examples.App.factorial(App.java:26)
	at com.aek426rahmani.examples.App.factorial(App.java:26)
	at com.aek426rahmani.examples.App.factorial(App.java:26)
	at com.aek426rahmani.examples.App.factorial(App.java:26)
	at com.aek426rahmani.examples.App.factorial(App.java:26)
	at com.aek426rahmani.examples.App.factorial(App.java:26)
	at com.aek426rahmani.examples.App.factorial(App.java:26)
	at com.aek426rahmani.examples.App.factorial(App.java:26)
	at com.aek426rahmani.examples.App.factorial(App.java:26)
	at com.aek426rahmani.examples.App.factorial(App.java:26)
	at com.aek426rahmani.examples.App.factorial(App.java:26)
	at com.aek426rahmani.examples.App.factorial(App.java:26)
	at com.aek426rahmani.examples.App.factorial(App.java:26)
	at com.aek426rahmani.examples.App.factorial(App.java:26)
	at com.aek426rahmani.examples.App.factorial(App.java:26)
	at com.aek426rahmani.examples.App.factorial(App.java:26)
	at com.aek426rahmani.examples.App.factorial(App.java:26)
	at com.aek426rahmani.examples.App.factorial(App.java:26)
	at com.aek426rahmani.examples.App.factorial(App.java:26)

