-------------------------------------------------------------------------------
Test set: com.aek426rahmani.examples.AppTest
-------------------------------------------------------------------------------
Tests run: 4, Failures: 1, Errors: 0, Skipped: 0, Time elapsed: 0.03 sec <<< FAILURE!
testFactorialOfThree(com.aek426rahmani.examples.AppTest)  Time elapsed: 0.008 sec  <<< FAILURE!
junit.framework.AssertionFailedError: expected:<6> but was:<2>
	at junit.framework.Assert.fail(Assert.java:47)
	at junit.framework.Assert.failNotEquals(Assert.java:282)
	at junit.framework.Assert.assertEquals(Assert.java:64)
	at junit.framework.Assert.assertEquals(Assert.java:201)
	at junit.framework.Assert.assertEquals(Assert.java:207)
	at com.aek426rahmani.examples.AppTest.testFactorialOfThree(AppTest.java:87)

